Log file open, 01/26/17 10:57:40
LogInit:Display: Running engine for game: Graphics_GameProject
LogPlatformFile: Not using cached read wrapper
LogInit:Display: RandInit(805433766) SRandInit(805433766).
LogTaskGraph: Started task graph with 5 named threads and 8 total threads with 1 sets of task threads.
LogStats: Stats thread started at 0.590010
LogPluginManager: Loaded Plugin Paper2D, From C:/Program Files (x86)/Epic Games/4.14/Engine/Plugins/2D/Paper2D/Paper2D.uplugin
LogPluginManager: Loaded Plugin LightPropagationVolume, From C:/Program Files (x86)/Epic Games/4.14/Engine/Plugins/Blendables/LightPropagationVolume/LightPropagationVolume.uplugin
LogPluginManager: Loaded Plugin BlankPlugin, From C:/Program Files (x86)/Epic Games/4.14/Engine/Plugins/Developer/BlankPlugin/BlankPlugin.uplugin
LogPluginManager: Loaded Plugin CodeLiteSourceCodeAccess, From C:/Program Files (x86)/Epic Games/4.14/Engine/Plugins/Developer/CodeLiteSourceCodeAccess/CodeLiteSourceCodeAccess.uplugin
LogPluginManager: Loaded Plugin GitSourceControl, From C:/Program Files (x86)/Epic Games/4.14/Engine/Plugins/Developer/GitSourceControl/GitSourceControl.uplugin
LogPluginManager: Loaded Plugin KDevelopSourceCodeAccess, From C:/Program Files (x86)/Epic Games/4.14/Engine/Plugins/Developer/KDevelopSourceCodeAccess/KDevelopSourceCodeAccess.uplugin
LogPluginManager: Loaded Plugin NullSourceCodeAccess, From C:/Program Files (x86)/Epic Games/4.14/Engine/Plugins/Developer/NullSourceCodeAccess/NullSourceCodeAccess.uplugin
LogPluginManager: Loaded Plugin OneSkyLocalizationService, From C:/Program Files (x86)/Epic Games/4.14/Engine/Plugins/Developer/OneSkyLocalizationService/OneSkyLocalizationService.uplugin
LogPluginManager: Loaded Plugin PerforceSourceControl, From C:/Program Files (x86)/Epic Games/4.14/Engine/Plugins/Developer/PerforceSourceControl/PerforceSourceControl.uplugin
LogPluginManager: Loaded Plugin SubversionSourceControl, From C:/Program Files (x86)/Epic Games/4.14/Engine/Plugins/Developer/SubversionSourceControl/SubversionSourceControl.uplugin
LogPluginManager: Loaded Plugin UObjectPlugin, From C:/Program Files (x86)/Epic Games/4.14/Engine/Plugins/Developer/UObjectPlugin/UObjectPlugin.uplugin
LogPluginManager: Loaded Plugin VisualStudioSourceCodeAccess, From C:/Program Files (x86)/Epic Games/4.14/Engine/Plugins/Developer/VisualStudioSourceCodeAccess/VisualStudioSourceCodeAccess.uplugin
LogPluginManager: Loaded Plugin XCodeSourceCodeAccess, From C:/Program Files (x86)/Epic Games/4.14/Engine/Plugins/Developer/XCodeSourceCodeAccess/XCodeSourceCodeAccess.uplugin
LogPluginManager: Loaded Plugin AudioCapture, From C:/Program Files (x86)/Epic Games/4.14/Engine/Plugins/Editor/AudioCapture/AudioCapture.uplugin
LogPluginManager: Loaded Plugin EpicSurvey, From C:/Program Files (x86)/Epic Games/4.14/Engine/Plugins/Editor/EpicSurvey/EpicSurvey.uplugin
LogPluginManager: Loaded Plugin MacGraphicsSwitching, From C:/Program Files (x86)/Epic Games/4.14/Engine/Plugins/Editor/MacGraphicsSwitching/MacGraphicsSwitching.uplugin
LogPluginManager: Loaded Plugin MobileLauncherProfileWizard, From C:/Program Files (x86)/Epic Games/4.14/Engine/Plugins/Editor/MobileLauncherProfileWizard/MobileLauncherProfileWizard.uplugin
LogPluginManager: Loaded Plugin PluginBrowser, From C:/Program Files (x86)/Epic Games/4.14/Engine/Plugins/Editor/PluginBrowser/PluginBrowser.uplugin
LogPluginManager: Loaded Plugin SpeedTreeImporter, From C:/Program Files (x86)/Epic Games/4.14/Engine/Plugins/Editor/SpeedTreeImporter/SpeedTreeImporter.uplugin
LogPluginManager: Loaded Plugin SuperSearchEditor, From C:/Program Files (x86)/Epic Games/4.14/Engine/Plugins/Editor/SuperSearchEditor/SuperSearchEditor.uplugin
LogPluginManager: Loaded Plugin AlembicImporter, From C:/Program Files (x86)/Epic Games/4.14/Engine/Plugins/Experimental/AlembicImporter/AlembicImporter.uplugin
LogPluginManager: Loaded Plugin BlueprintStats, From C:/Program Files (x86)/Epic Games/4.14/Engine/Plugins/Experimental/BlueprintStats/BlueprintStats.uplugin
LogPluginManager: Loaded Plugin CharacterAI, From C:/Program Files (x86)/Epic Games/4.14/Engine/Plugins/Experimental/CharacterAI/CharacterAI.uplugin
LogPluginManager: Loaded Plugin CodeEditor, From C:/Program Files (x86)/Epic Games/4.14/Engine/Plugins/Experimental/CodeEditor/CodeEditor.uplugin
LogPluginManager: Loaded Plugin CodeView, From C:/Program Files (x86)/Epic Games/4.14/Engine/Plugins/Experimental/CodeView/CodeView.uplugin
LogPluginManager: Loaded Plugin HTML5Networking, From C:/Program Files (x86)/Epic Games/4.14/Engine/Plugins/Experimental/HTML5Networking/HTML5Networking.uplugin
LogPluginManager: Loaded Plugin OSVR, From C:/Program Files (x86)/Epic Games/4.14/Engine/Plugins/Experimental/OSVR/OSVR.uplugin
LogPluginManager: Loaded Plugin Phya, From C:/Program Files (x86)/Epic Games/4.14/Engine/Plugins/Experimental/Phya/Phya.uplugin
LogPluginManager: Loaded Plugin SignificanceManager, From C:/Program Files (x86)/Epic Games/4.14/Engine/Plugins/Experimental/SignificanceManager/SignificanceManager.uplugin
LogPluginManager: Loaded Plugin SimpleHMD, From C:/Program Files (x86)/Epic Games/4.14/Engine/Plugins/Experimental/SimpleHMD/SimpleHMD.uplugin
LogPluginManager: Loaded Plugin StereoPanorama, From C:/Program Files (x86)/Epic Games/4.14/Engine/Plugins/Experimental/StereoPanorama/StereoPanorama.uplugin
LogPluginManager: Loaded Plugin StructBox, From C:/Program Files (x86)/Epic Games/4.14/Engine/Plugins/Experimental/StructBox/StructBox.uplugin
LogPluginManager: Loaded Plugin GameAnalytics, From C:/Program Files (x86)/Epic Games/4.14/Engine/Plugins/Marketplace/GameAnalytics/GameAnalytics.uplugin
LogPluginManager: Loaded Plugin LowEntryExtStdLib, From C:/Program Files (x86)/Epic Games/4.14/Engine/Plugins/Marketplace/LowEntryExtStdLib/LowEntryExtStdLib.uplugin
LogPluginManager: Loaded Plugin AndroidMedia, From C:/Program Files (x86)/Epic Games/4.14/Engine/Plugins/Media/AndroidMedia/AndroidMedia.uplugin
LogPluginManager: Loaded Plugin AvfMedia, From C:/Program Files (x86)/Epic Games/4.14/Engine/Plugins/Media/AvfMedia/AvfMedia.uplugin
LogPluginManager: Loaded Plugin MediaPlayerEditor, From C:/Program Files (x86)/Epic Games/4.14/Engine/Plugins/Media/MediaPlayerEditor/MediaPlayerEditor.uplugin
LogPluginManager: Loaded Plugin WmfMedia, From C:/Program Files (x86)/Epic Games/4.14/Engine/Plugins/Media/WmfMedia/WmfMedia.uplugin
LogPluginManager: Loaded Plugin MessagingDebugger, From C:/Program Files (x86)/Epic Games/4.14/Engine/Plugins/Messaging/MessagingDebugger/MessagingDebugger.uplugin
LogPluginManager: Loaded Plugin TcpMessaging, From C:/Program Files (x86)/Epic Games/4.14/Engine/Plugins/Messaging/TcpMessaging/TcpMessaging.uplugin
LogPluginManager: Loaded Plugin UdpMessaging, From C:/Program Files (x86)/Epic Games/4.14/Engine/Plugins/Messaging/UdpMessaging/UdpMessaging.uplugin
LogPluginManager: Loaded Plugin LevelSequenceEditor, From C:/Program Files (x86)/Epic Games/4.14/Engine/Plugins/MovieScene/LevelSequenceEditor/LevelSequenceEditor.uplugin
LogPluginManager: Loaded Plugin MatineeToLevelSequence, From C:/Program Files (x86)/Epic Games/4.14/Engine/Plugins/MovieScene/MatineeToLevelSequence/MatineeToLevelSequence.uplugin
LogPluginManager: Loaded Plugin NetcodeUnitTest, From C:/Program Files (x86)/Epic Games/4.14/Engine/Plugins/NetcodeUnitTest/NetcodeUnitTest/NetcodeUnitTest.uplugin
LogPluginManager: Loaded Plugin NUTUnrealEngine4, From C:/Program Files (x86)/Epic Games/4.14/Engine/Plugins/NetcodeUnitTest/NUTUnrealEngine4/NUTUnrealEngine4.uplugin
LogPluginManager: Loaded Plugin OnlineSubsystemGameCircle, From C:/Program Files (x86)/Epic Games/4.14/Engine/Plugins/Online/Android/OnlineSubsystemGameCircle/OnlineSubsystemGameCircle.uplugin
LogPluginManager: Loaded Plugin OnlineSubsystemGooglePlay, From C:/Program Files (x86)/Epic Games/4.14/Engine/Plugins/Online/Android/OnlineSubsystemGooglePlay/OnlineSubsystemGooglePlay.uplugin
LogPluginManager: Loaded Plugin OnlineSubsystemIOS, From C:/Program Files (x86)/Epic Games/4.14/Engine/Plugins/Online/IOS/OnlineSubsystemIOS/OnlineSubsystemIOS.uplugin
LogPluginManager: Loaded Plugin OnlineFramework, From C:/Program Files (x86)/Epic Games/4.14/Engine/Plugins/Online/OnlineFramework/OnlineFramework.uplugin
LogPluginManager: Loaded Plugin OnlineSubsystem, From C:/Program Files (x86)/Epic Games/4.14/Engine/Plugins/Online/OnlineSubsystem/OnlineSubsystem.uplugin
LogPluginManager: Loaded Plugin OnlineSubsystemAmazon, From C:/Program Files (x86)/Epic Games/4.14/Engine/Plugins/Online/OnlineSubsystemAmazon/OnlineSubsystemAmazon.uplugin
LogPluginManager: Loaded Plugin OnlineSubsystemFacebook, From C:/Program Files (x86)/Epic Games/4.14/Engine/Plugins/Online/OnlineSubsystemFacebook/OnlineSubsystemFacebook.uplugin
LogPluginManager: Loaded Plugin OnlineSubsystemNull, From C:/Program Files (x86)/Epic Games/4.14/Engine/Plugins/Online/OnlineSubsystemNull/OnlineSubsystemNull.uplugin
LogPluginManager: Loaded Plugin OnlineSubsystemOculus, From C:/Program Files (x86)/Epic Games/4.14/Engine/Plugins/Online/OnlineSubsystemOculus/OnlineSubsystemOculus.uplugin
LogPluginManager: Loaded Plugin OnlineSubsystemSteam, From C:/Program Files (x86)/Epic Games/4.14/Engine/Plugins/Online/OnlineSubsystemSteam/OnlineSubsystemSteam.uplugin
LogPluginManager: Loaded Plugin OnlineSubsystemUtils, From C:/Program Files (x86)/Epic Games/4.14/Engine/Plugins/Online/OnlineSubsystemUtils/OnlineSubsystemUtils.uplugin
LogPluginManager: Loaded Plugin IOSTapJoy, From C:/Program Files (x86)/Epic Games/4.14/Engine/Plugins/Runtime/Advertising/IOSTapJoy/IOSTapJoy.uplugin
LogPluginManager: Loaded Plugin AnalyticsBlueprintLibrary, From C:/Program Files (x86)/Epic Games/4.14/Engine/Plugins/Runtime/Analytics/AnalyticsBlueprintLibrary/AnalyticsBlueprintLibrary.uplugin
LogPluginManager: Loaded Plugin AnalyticsMulticast, From C:/Program Files (x86)/Epic Games/4.14/Engine/Plugins/Runtime/Analytics/AnalyticsMulticast/AnalyticsMulticast.uplugin
LogPluginManager: Loaded Plugin Apsalar, From C:/Program Files (x86)/Epic Games/4.14/Engine/Plugins/Runtime/Analytics/Apsalar/Apsalar.uplugin
LogPluginManager: Loaded Plugin FileLogging, From C:/Program Files (x86)/Epic Games/4.14/Engine/Plugins/Runtime/Analytics/FileLogging/FileLogging.uplugin
LogPluginManager: Loaded Plugin Flurry, From C:/Program Files (x86)/Epic Games/4.14/Engine/Plugins/Runtime/Analytics/Flurry/Flurry.uplugin
LogPluginManager: Loaded Plugin AndroidDeviceProfileSelector, From C:/Program Files (x86)/Epic Games/4.14/Engine/Plugins/Runtime/AndroidDeviceProfileSelector/AndroidDeviceProfileSelector.uplugin
LogPluginManager: Loaded Plugin AndroidMoviePlayer, From C:/Program Files (x86)/Epic Games/4.14/Engine/Plugins/Runtime/AndroidMoviePlayer/AndroidMoviePlayer.uplugin
LogPluginManager: Loaded Plugin AppleMoviePlayer, From C:/Program Files (x86)/Epic Games/4.14/Engine/Plugins/Runtime/AppleMoviePlayer/AppleMoviePlayer.uplugin
LogPluginManager: Loaded Plugin ArchVisCharacter, From C:/Program Files (x86)/Epic Games/4.14/Engine/Plugins/Runtime/ArchVisCharacter/ArchVisCharacter.uplugin
LogPluginManager: Loaded Plugin CableComponent, From C:/Program Files (x86)/Epic Games/4.14/Engine/Plugins/Runtime/CableComponent/CableComponent.uplugin
LogPluginManager: Loaded Plugin CustomMeshComponent, From C:/Program Files (x86)/Epic Games/4.14/Engine/Plugins/Runtime/CustomMeshComponent/CustomMeshComponent.uplugin
LogPluginManager: Loaded Plugin ExampleDeviceProfileSelector, From C:/Program Files (x86)/Epic Games/4.14/Engine/Plugins/Runtime/ExampleDeviceProfileSelector/ExampleDeviceProfileSelector.uplugin
LogPluginManager: Loaded Plugin GearVR, From C:/Program Files (x86)/Epic Games/4.14/Engine/Plugins/Runtime/GearVR/GearVR.uplugin
LogPluginManager: Loaded Plugin GoogleVRController, From C:/Program Files (x86)/Epic Games/4.14/Engine/Plugins/Runtime/GoogleVR/GoogleVRController/GoogleVRController.uplugin
LogPluginManager: Loaded Plugin GoogleVRHMD, From C:/Program Files (x86)/Epic Games/4.14/Engine/Plugins/Runtime/GoogleVR/GoogleVRHMD/GoogleVRHMD.uplugin
LogPluginManager: Loaded Plugin IOSDeviceProfileSelector, From C:/Program Files (x86)/Epic Games/4.14/Engine/Plugins/Runtime/IOSDeviceProfileSelector/IOSDeviceProfileSelector.uplugin
LogPluginManager: Loaded Plugin LeapMotion, From C:/Program Files (x86)/Epic Games/4.14/Engine/Plugins/Runtime/LeapMotion/LeapMotion.uplugin
LogPluginManager: Loaded Plugin LinuxDeviceProfileSelector, From C:/Program Files (x86)/Epic Games/4.14/Engine/Plugins/Runtime/LinuxDeviceProfileSelector/LinuxDeviceProfileSelector.uplugin
LogPluginManager: Loaded Plugin MIDIDevice, From C:/Program Files (x86)/Epic Games/4.14/Engine/Plugins/Runtime/MIDIDevice/MIDIDevice.uplugin
LogPluginManager: Loaded Plugin MobilePatchingUtils, From C:/Program Files (x86)/Epic Games/4.14/Engine/Plugins/Runtime/MobilePatchingUtils/MobilePatchingUtils.uplugin
LogPluginManager: Loaded Plugin Ansel, From C:/Program Files (x86)/Epic Games/4.14/Engine/Plugins/Runtime/Nvidia/Ansel/Ansel.uplugin
LogPluginManager: Loaded Plugin OculusAudio, From C:/Program Files (x86)/Epic Games/4.14/Engine/Plugins/Runtime/OculusAudio/OculusAudio.uplugin
LogPluginManager: Loaded Plugin OculusInput, From C:/Program Files (x86)/Epic Games/4.14/Engine/Plugins/Runtime/OculusInput/OculusInput.uplugin
LogPluginManager: Loaded Plugin OculusLibrary, From C:/Program Files (x86)/Epic Games/4.14/Engine/Plugins/Runtime/OculusLibrary/OculusLibrary.uplugin
LogPluginManager: Loaded Plugin OculusRift, From C:/Program Files (x86)/Epic Games/4.14/Engine/Plugins/Runtime/OculusRift/OculusRift.uplugin
LogPluginManager: Loaded Plugin Oodle, From C:/Program Files (x86)/Epic Games/4.14/Engine/Plugins/Runtime/PacketHandlers/CompressionComponents/Oodle/Oodle.uplugin
LogPluginManager: Loaded Plugin ProceduralMeshComponent, From C:/Program Files (x86)/Epic Games/4.14/Engine/Plugins/Runtime/ProceduralMeshComponent/ProceduralMeshComponent.uplugin
LogPluginManager: Loaded Plugin SoundMod, From C:/Program Files (x86)/Epic Games/4.14/Engine/Plugins/Runtime/SoundMod/SoundMod.uplugin
LogPluginManager: Loaded Plugin SoundVisualizations, From C:/Program Files (x86)/Epic Games/4.14/Engine/Plugins/Runtime/SoundVisualizations/SoundVisualizations.uplugin
LogPluginManager: Loaded Plugin SteamController, From C:/Program Files (x86)/Epic Games/4.14/Engine/Plugins/Runtime/Steam/SteamController/SteamController.uplugin
LogPluginManager: Loaded Plugin SteamVR, From C:/Program Files (x86)/Epic Games/4.14/Engine/Plugins/Runtime/Steam/SteamVR/SteamVR.uplugin
LogPluginManager: Loaded Plugin WebBrowserWidget, From C:/Program Files (x86)/Epic Games/4.14/Engine/Plugins/Runtime/WebBrowserWidget/WebBrowserWidget.uplugin
LogPluginManager: Loaded Plugin WindowsDeviceProfileSelector, From C:/Program Files (x86)/Epic Games/4.14/Engine/Plugins/Runtime/WindowsDeviceProfileSelector/WindowsDeviceProfileSelector.uplugin
LogPluginManager: Loaded Plugin WindowsMoviePlayer, From C:/Program Files (x86)/Epic Games/4.14/Engine/Plugins/Runtime/WindowsMoviePlayer/WindowsMoviePlayer.uplugin
LogPluginManager: Loaded Plugin ScriptPlugin, From C:/Program Files (x86)/Epic Games/4.14/Engine/Plugins/ScriptPlugin/ScriptPlugin.uplugin
LogPluginManager: Loaded Plugin SlateRemote, From C:/Program Files (x86)/Epic Games/4.14/Engine/Plugins/Slate/SlateRemote/SlateRemote.uplugin
LogPluginManager: Loaded Plugin EditorTests, From C:/Program Files (x86)/Epic Games/4.14/Engine/Plugins/Tests/EditorTests/EditorTests.uplugin
LogPluginManager: Loaded Plugin FbxAutomationTestBuilder, From C:/Program Files (x86)/Epic Games/4.14/Engine/Plugins/Tests/FbxAutomationTestBuilder/FbxAutomationTestBuilder.uplugin
LogPluginManager: Loaded Plugin FunctionalTestingEditor, From C:/Program Files (x86)/Epic Games/4.14/Engine/Plugins/Tests/FunctionalTestingEditor/FunctionalTestingEditor.uplugin
LogPluginManager: Loaded Plugin RuntimeTests, From C:/Program Files (x86)/Epic Games/4.14/Engine/Plugins/Tests/RuntimeTests/RuntimeTests.uplugin
LogPluginManager: Loaded Plugin ScreenshotTools, From C:/Program Files (x86)/Epic Games/4.14/Engine/Plugins/Tests/ScreenshotTools/ScreenshotTools.uplugin
LogInit: Using libcurl 7.47.1
LogInit:  - built for x86_64-pc-win32
LogInit:  - supports SSL with OpenSSL/1.0.2g
LogInit:  - supports HTTP deflate (compression) using libz 1.2.8
LogInit:  - other features:
LogInit:      CURL_VERSION_SSL
LogInit:      CURL_VERSION_LIBZ
LogInit:      CURL_VERSION_IPV6
LogInit:      CURL_VERSION_ASYNCHDNS
LogInit:      CURL_VERSION_LARGEFILE
LogInit:      CURL_VERSION_IDN
LogInit:  CurlRequestOptions (configurable via config and command line):
LogInit:  - bVerifyPeer = false  - Libcurl will NOT verify peer certificate
LogInit:  - bUseHttpProxy = false  - Libcurl will NOT use HTTP proxy
LogInit:  - bDontReuseConnections = false  - Libcurl will reuse connections
LogInit:  - CertBundlePath = nullptr  - Libcurl will use whatever was configured at build time.
LogInit: Build: ++UE4+Release-4.14-CL-3224400
LogInit: Engine Version: 4.14.1-3224400+++UE4+Release-4.14
LogInit: Compatible Engine Version: 4.14.0-3195953+++UE4+Release-4.14
LogInit: Net CL: 3195953
LogDevObjectVersion: Number of dev versions registered: 13
LogDevObjectVersion:   Dev-Blueprints (B0D832E4-1F89-4F0D-ACCF-7EB736FD4AA2): 7
LogDevObjectVersion:   Dev-Build (E1C64328-A22C-4D53-A36C-8E866417BD8C): 0
LogDevObjectVersion:   Dev-Core (375EC13C-06E4-48FB-B500-84F0262A717E): 1
LogDevObjectVersion:   Dev-Editor (E4B068ED-F494-42E9-A231-DA0B2E46BB41): 8
LogDevObjectVersion:   Dev-Framework (CFFC743F-43B0-4480-9391-14DF171D2073): 17
LogDevObjectVersion:   Dev-Mobile (B02B49B5-BB20-44E9-A304-32B752E40360): 0
LogDevObjectVersion:   Dev-Networking (A4E4105C-59A1-49B5-A7C5-40C4547EDFEE): 0
LogDevObjectVersion:   Dev-Online (39C831C9-5AE6-47DC-9A44-9C173E1C8E7C): 0
LogDevObjectVersion:   Dev-Physics (78F01B33-EBEA-4F98-B9B4-84EACCB95AA2): 0
LogDevObjectVersion:   Dev-Platform (6631380F-2D4D-43E0-8009-CF276956A95A): 0
LogDevObjectVersion:   Dev-Rendering (12F88B9F-8875-4AFC-A67C-D90C383ABD29): 12
LogDevObjectVersion:   Dev-Sequencer (7B5AE74C-D270-4C10-A958-57980B212A5A): 1
LogDevObjectVersion:   Dev-VR (D7296918-1DD6-4BDD-9DE2-64A83CC13884): 0
LogInit: Compiled (64-bit): Dec  7 2016 02:14:32
LogInit: Compiled with Visual C++: 19.00.23026.00
LogInit: Build Configuration: Development
LogInit: Branch Name: ++UE4+Release-4.14
LogInit: Command line:  
LogInit: Base directory: C:/Program Files (x86)/Epic Games/4.14/Engine/Binaries/Win64/
LogInit: Installed Engine Build: 1
LogInit: Presizing for max 8388607 objects, including 0 objects not considered by GC, pre-allocating 0 bytes for permanent pool.
LogInit: Object subsystem initialized
[2017.01.26-16.57.41:302][  0]LogInit: Selected Device Profile: [Windows]
[2017.01.26-16.57.41:302][  0]LogInit: Applying CVar settings loaded from the selected device profile: [Windows]
[2017.01.26-16.57.41:502][  0]LogInit: Computer: DESKTOP-F94O67P
[2017.01.26-16.57.41:502][  0]LogInit: User: Samuel
[2017.01.26-16.57.41:502][  0]LogInit: CPU Page size=65536, Cores=4
[2017.01.26-16.57.41:502][  0]LogInit: High frequency timer resolution =2.531249 MHz
[2017.01.26-16.57.41:517][  0]LogMemory: Memory total: Physical=11.9GB (12GB approx)
[2017.01.26-16.57.41:524][  0]LogMemory: Platform Memory Stats for Windows
[2017.01.26-16.57.41:524][  0]LogMemory: Process Physical Memory: 264.93 MB used, 264.93 MB peak
[2017.01.26-16.57.41:524][  0]LogMemory: Process Virtual Memory: 262.91 MB used, 262.91 MB peak
[2017.01.26-16.57.41:524][  0]LogMemory: Physical Memory: 3500.43 MB used,  8726.15 MB free, 12226.58 MB total
[2017.01.26-16.57.41:524][  0]LogMemory: Virtual Memory: 676.41 MB used,  8726.15 MB free, 134217728.00 MB total
[2017.01.26-16.57.43:194][  0]LogTextLocalizationManager: No specific translations for ('en-US') exist, so ('en') translations will be used.
[2017.01.26-16.57.48:998][  0]LogD3D11RHI: D3D11 adapters:
[2017.01.26-16.57.49:625][  0]LogD3D11RHI:    0. 'NVIDIA GeForce GTX 965M' (Feature Level 11_0)
[2017.01.26-16.57.49:625][  0]LogD3D11RHI:       2016/0/6113 MB DedicatedVideo/DedicatedSystem/SharedSystem, Outputs:2, VendorId:0x10de
[2017.01.26-16.57.49:630][  0]LogD3D11RHI:    1. 'Microsoft Basic Render Driver' (Feature Level 11_0)
[2017.01.26-16.57.49:630][  0]LogD3D11RHI:       0/0/6113 MB DedicatedVideo/DedicatedSystem/SharedSystem, Outputs:0, VendorId:0x1414
[2017.01.26-16.57.49:630][  0]LogD3D11RHI: Chosen D3D11 Adapter: 0
[2017.01.26-16.57.49:639][  0]LogD3D11RHI: Creating new Direct3DDevice
[2017.01.26-16.57.49:639][  0]LogD3D11RHI:     GPU DeviceId: 0x1619 (for the marketing name, search the web for "GPU Device Id")
[2017.01.26-16.57.49:639][  0]LogWindows: EnumDisplayDevices:
[2017.01.26-16.57.49:645][  0]LogWindows:    0. 'NVIDIA GeForce GTX 965M' (P:1 D:1)
[2017.01.26-16.57.49:645][  0]LogWindows:    1. 'NVIDIA GeForce GTX 965M' (P:0 D:1)
[2017.01.26-16.57.49:653][  0]LogWindows:    2. 'NVIDIA GeForce GTX 965M' (P:0 D:0)
[2017.01.26-16.57.49:653][  0]LogWindows:    3. 'NVIDIA GeForce GTX 965M' (P:0 D:0)
[2017.01.26-16.57.49:660][  0]LogWindows: DebugString: FoundDriverCount:4 
[2017.01.26-16.57.49:660][  0]LogD3D11RHI:     Adapter Name: NVIDIA GeForce GTX 965M
[2017.01.26-16.57.49:660][  0]LogD3D11RHI:   Driver Version: 378.49 (internal:21.21.13.7849, unified:378.49)
[2017.01.26-16.57.49:660][  0]LogD3D11RHI:      Driver Date: 1-20-2017
[2017.01.26-16.57.49:660][  0]LogRHI: Texture pool is 1361 MB (70% of 1945 MB)
[2017.01.26-16.57.50:247][  0]LogD3D11RHI: Async texture creation enabled
[2017.01.26-16.57.50:885][  0]LogD3D11RHI: GPU Timing Frequency: 1000.000000 (Debug: 2 1)
[2017.01.26-16.57.50:974][  0]LogShaderCompilers: Guid format shader working directory is -31 characters bigger than the processId version (../../../../../../Users/Samuel/Documents/Unreal Projects/Graphics_GameProject/Intermediate/Shaders/WorkingDirectory/10048/).
[2017.01.26-16.57.50:974][  0]LogShaderCompilers: Cleaned the shader compiler working directory 'C:/Users/Samuel/AppData/Local/Temp/UnrealShaderWorkingDir/B43F184E48B6EB8C6BE0CB8EEC5FB271/'.
[2017.01.26-16.57.50:988][  0]LogShaderCompilers:Display: Using Local Shader Compiler.
[2017.01.26-16.57.57:108][  0]LogTemp:Display: Loaded TP AllDesktopTargetPlatform
[2017.01.26-16.57.57:172][  0]LogTemp:Display: Loaded TP MacClientTargetPlatform
[2017.01.26-16.57.57:238][  0]LogTemp:Display: Loaded TP MacNoEditorTargetPlatform
[2017.01.26-16.57.57:306][  0]LogTemp:Display: Loaded TP MacServerTargetPlatform
[2017.01.26-16.57.57:411][  0]LogTemp:Display: Loaded TP MacTargetPlatform
[2017.01.26-16.57.57:470][  0]LogTemp:Display: Loaded TP WindowsClientTargetPlatform
[2017.01.26-16.57.57:531][  0]LogTemp:Display: Loaded TP WindowsNoEditorTargetPlatform
[2017.01.26-16.57.57:601][  0]LogTemp:Display: Loaded TP WindowsServerTargetPlatform
[2017.01.26-16.57.57:657][  0]LogTemp:Display: Loaded TP WindowsTargetPlatform
[2017.01.26-16.57.57:734][  0]LogTemp:Display: Loaded TP AndroidTargetPlatform
[2017.01.26-16.57.57:792][  0]LogTemp:Display: Loaded TP Android_ASTCTargetPlatform
[2017.01.26-16.57.57:851][  0]LogTemp:Display: Loaded TP Android_ATCTargetPlatform
[2017.01.26-16.57.57:924][  0]LogTemp:Display: Loaded TP Android_DXTTargetPlatform
[2017.01.26-16.57.57:995][  0]LogTemp:Display: Loaded TP Android_ETC1TargetPlatform
[2017.01.26-16.57.58:057][  0]LogTemp:Display: Loaded TP Android_ETC2TargetPlatform
[2017.01.26-16.57.58:179][  0]LogTemp:Display: Loaded TP Android_MultiTargetPlatform
[2017.01.26-16.57.58:179][  0]LogTemp:Display: Loaded TP Android_PVRTCTargetPlatform
[2017.01.26-16.57.58:263][  0]LogTemp:Display: Loaded TP HTML5TargetPlatform
[2017.01.26-16.57.58:548][  0]LogTemp:Display: Loaded TP IOSTargetPlatform
[2017.01.26-16.57.58:589][  0]LogTemp:Display: Loaded TP TVOSTargetPlatform
[2017.01.26-16.57.58:653][  0]LogTemp:Display: Loaded TP LinuxClientTargetPlatform
[2017.01.26-16.57.58:711][  0]LogTemp:Display: Loaded TP LinuxNoEditorTargetPlatform
[2017.01.26-16.57.58:773][  0]LogTemp:Display: Loaded TP LinuxServerTargetPlatform
[2017.01.26-16.57.58:847][  0]LogTemp:Display: Loaded TP LinuxTargetPlatform
[2017.01.26-16.57.58:847][  0]LogTargetPlatformManager:Display: Building Assets For Windows
[2017.01.26-16.58.00:407][  0]LogDerivedDataCache:Display: Max Cache Size: 512 MB
[2017.01.26-16.58.01:479][  0]LogDerivedDataCache: Loaded boot cache 1.05s 50MB C:/Users/Samuel/AppData/Local/UnrealEngine/4.14/DerivedDataCache/Boot.ddc.
[2017.01.26-16.58.01:479][  0]LogDerivedDataCache:Display: Loaded Boot cache: C:/Users/Samuel/AppData/Local/UnrealEngine/4.14/DerivedDataCache/Boot.ddc
[2017.01.26-16.58.01:480][  0]LogDerivedDataCache: FDerivedDataBackendGraph:  Pak pak cache file ../../../../../../Users/Samuel/Documents/Unreal Projects/Graphics_GameProject/DerivedDataCache/DDC.ddp not found, will not use a pak cache.
[2017.01.26-16.58.01:480][  0]LogDerivedDataCache: Unable to find inner node Pak for hierarchical cache Hierarchy.
[2017.01.26-16.58.01:480][  0]LogDerivedDataCache: FDerivedDataBackendGraph:  CompressedPak pak cache file ../../../../../../Users/Samuel/Documents/Unreal Projects/Graphics_GameProject/DerivedDataCache/Compressed.ddp not found, will not use a pak cache.
[2017.01.26-16.58.01:480][  0]LogDerivedDataCache: Unable to find inner node CompressedPak for hierarchical cache Hierarchy.
[2017.01.26-16.58.01:588][  0]LogDerivedDataCache:Display: Pak cache opened for reading ../../../Engine/DerivedDataCache/Compressed.ddp.
[2017.01.26-16.58.01:602][  0]LogDerivedDataCache: Using Local data cache path C:/Users/Samuel/AppData/Local/UnrealEngine/Common/DerivedDataCache: Writable
[2017.01.26-16.58.10:149][  0]LogInit: Selected Device Profile: [Windows]
[2017.01.26-16.58.10:364][  0]LogContentStreaming: Texture pool size is 0.00 MB
[2017.01.26-16.58.11:197][  0]LogMeshUtilities: Using QuadricMeshReduction for automatic static mesh reduction
[2017.01.26-16.58.11:322][  0]LogSimplygon: Simplygon DLL not present - disabling.
[2017.01.26-16.58.11:389][  0]LogMeshUtilities: Using SimplygonSwarm for distributed automatic mesh merging
[2017.01.26-16.58.11:389][  0]LogMeshUtilities: No automatic skeletal mesh reduction module available
[2017.01.26-16.58.11:389][  0]LogMeshUtilities: No automatic mesh merging module available
[2017.01.26-16.58.13:339][  0]LogConfig:Warning: Failed to saved backup for config[GameplayTags]
[2017.01.26-16.58.14:325][  0]LogConfig:Warning: Failed to saved backup for config[TemplateDefs]
[2017.01.26-16.58.19:639][  0]LogNetVersion: GetLocalNetworkVersion: CL: 3195953, ProjectName: graphics_gameproject, ProjectVersion: , EngineNetworkVersion: 2, GameNetworkVersion: 0, NetworkChecksum: 2358270284
[2017.01.26-16.58.19:901][  0]LogAssetRegistry: FAssetRegistry took 0.0434 seconds to start up
[2017.01.26-16.58.20:003][  0]LogAssetRegistry:Error: Failed to open file for write ../../../../../../Users/Samuel/Documents/Unreal Projects/Graphics_GameProject/Intermediate/AssetRegistryCache/5a627529.bin
[2017.01.26-16.58.20:163][  0]LogPackageLocalizationCache: Processed 4 localized package path(s) for 2 prioritized culture(s) in 0.166410 seconds
[2017.01.26-16.58.20:206][  0]LogUObjectArray: 31946 objects as part of root set at end of initial load.
[2017.01.26-16.58.20:206][  0]LogUObjectAllocator: 6935848 out of 0 bytes used by permanent object pool.
[2017.01.26-16.58.20:206][  0]LogUObjectArray: CloseDisregardForGC: 0/0 objects in disregard for GC pool
[2017.01.26-16.58.20:273][  0]LogInit: WinSock: version 1.1 (2.2), MaxSocks=32767, MaxUdp=65467
[2017.01.26-16.58.23:254][  0]LogSlate: Using Freetype 2.6.0
[2017.01.26-16.58.23:374][  0]LogSlate: SlateFontCache - WITH_FREETYPE: 1, WITH_HARFBUZZ: 1
[2017.01.26-16.58.23:374][  0]LogSlate: SlateFontCache - WITH_FREETYPE: 1, WITH_HARFBUZZ: 1
[2017.01.26-16.58.54:224][  0]LogGameAnalyticsAnalytics:Display: FAnalyticsGameAnalytics Constructor
[2017.01.26-16.58.54:800][  0]LogTcpMessaging: Initializing TcpMessaging bridge
[2017.01.26-16.58.54:855][  0]LogUdpMessaging: Initializing bridge on interface 0.0.0.0:0 to multicast group 230.0.0.1:6666.
[2017.01.26-16.58.55:778][  0]LogConfig:Warning: Failed to saved backup for config[InternationalizationExport]
[2017.01.26-16.58.56:345][  0]LogMaterial: Uniform references updated for custom material expression Custom.
[2017.01.26-16.58.57:414][  0]SourceControl: Info Source control is disabled
[2017.01.26-16.59.02:154][  0]LogEngine: Initializing Engine...
[2017.01.26-16.59.02:179][  0]LogHMD: Failed to initialize OpenVR with code 110
[2017.01.26-16.59.03:509][  0]LogAIModule: Creating AISystem for world Untitled
[2017.01.26-16.59.03:737][  0]LogInit: XAudio2 using 'DigitalOutput-C (NVIDIA High Definition Audio)' : 8 channels at 48 kHz using 16 bits per sample (channel mask 0x63f)
[2017.01.26-16.59.03:773][  0]LogInit: FAudioDevice initialized.
[2017.01.26-16.59.03:871][  0]LogDerivedDataCache: Saved boot cache 0.10s 50MB C:/Users/Samuel/AppData/Local/UnrealEngine/4.14/DerivedDataCache/Boot.ddc.
[2017.01.26-16.59.03:876][  0]LogInit: Texture streaming: Enabled
[2017.01.26-16.59.04:613][  0]LogInit: Transaction tracking system initialized
[2017.01.26-16.59.05:554][  0]BlueprintLog: New page: Editor Load
[2017.01.26-16.59.07:908][  0]LocalizationService: Info Localization service is disabled
[2017.01.26-16.59.10:350][  0]LogConsoleResponse:Display: 
[2017.01.26-16.59.13:987][  0]LogCook:Display: Max memory allowance for cook 16384mb min free memory 0mb
[2017.01.26-16.59.14:011][  0]LogCook:Display: Mobile HDR setting 1
[2017.01.26-16.59.14:107][  0]LogFileCache: Scanning file cache for directory 'C:/Users/Samuel/Documents/Unreal Projects/Graphics_GameProject/Content/' took 0.11s
[2017.01.26-16.59.22:852][  0]LogWindowsTextInputMethodSystem:Display: IME system now deactivated.
[2017.01.26-16.59.22:938][  0]LogWindowsTextInputMethodSystem:Display: IME system now deactivated.
[2017.01.26-16.59.23:710][  0]LogWindowsTextInputMethodSystem:Display: IME system now deactivated.
[2017.01.26-16.59.23:959][  0]LogWindowsTextInputMethodSystem:Display: IME system now deactivated.
[2017.01.26-16.59.24:007][  0]Cmd: MAP LOAD FILE="../../../../../../Users/Samuel/Documents/Unreal Projects/Graphics_GameProject/Content/ThirdPersonBP/Maps/map1.umap" TEMPLATE=0 SHOWPROGRESS=1 FEATURELEVEL=3
[2017.01.26-16.59.24:013][  0]LightingResults: New page: Lighting Build
[2017.01.26-16.59.24:189][  0]MapCheck: New page: Map Check
[2017.01.26-16.59.24:189][  0]LightingResults: New page: Lighting Build
[2017.01.26-16.59.57:357][  0]LogAIModule: Creating AISystem for world map1
[2017.01.26-17.00.28:394][  0]LogMaterial:Warning: Material /Game/Content/Models/landscape/NobiaxSMBushes/01/bush_01Mat.bush_01Mat needed to have new flag set bUsedWithInstancedStaticMeshes !
[2017.01.26-17.00.28:400][  0]LogMaterial: Missing cached shader map for material bush_01Mat, compiling. 
[2017.01.26-17.00.28:601][  0]MapCheck:Warning: Warning bush_01Mat Material /Game/Content/Models/landscape/NobiaxSMBushes/01/bush_01Mat.bush_01Mat was missing the usage flag bUsedWithInstancedStaticMeshes. If the material asset is not re-saved, it may not render correctly when run outside the editor. Fix
[2017.01.26-17.00.28:655][  0]LogMaterial: 0.03 seconds spent updating 1 materials, 1 interfaces, 0 instances, 0 with static permutations.
[2017.01.26-17.00.30:108][  0]LogEditorServer: Finished looking for orphan Actors (0.000 secs)
[2017.01.26-17.00.31:251][  0]Cmd: MAP CHECKDEP NOCLEARLOG
[2017.01.26-17.00.31:409][  0]MapCheck: Info Map check complete: 0 Error(s), 1 Warning(s), took 157.151ms to complete.
[2017.01.26-17.00.31:467][  0]LogFileHelpers: Loading map 'map1' took 67.483
[2017.01.26-17.00.33:785][  0]LogStats:Warning: MetaData mismatch. Did you assign a stat to two groups? New //STATGROUP_Threads//SplashScreenThread///Thread_37d4_0///####STATCAT_Advanced#### old //STATGROUP_Threads//SplashScreenThread///Thread_1f80_0///####STATCAT_Advanced####
[2017.01.26-17.00.33:785][  0]LogCollectionManager: Loaded 1 collections in 0.029346 seconds
[2017.01.26-17.00.34:170][  0]LogFileCache: Scanning file cache for directory 'C:/Users/Samuel/Documents/Unreal Projects/Graphics_GameProject/Saved/Collections/' took 0.01s
[2017.01.26-17.00.34:170][  0]LogFileCache: Scanning file cache for directory 'C:/Users/Samuel/Documents/Unreal Projects/Graphics_GameProject/Content/Developers/Samuel/Collections/' took 0.01s
[2017.01.26-17.00.34:170][  0]LogFileCache: Scanning file cache for directory 'C:/Users/Samuel/Documents/Unreal Projects/Graphics_GameProject/Content/Collections/' took 0.01s
[2017.01.26-17.00.34:170][  0]LogCollectionManager: Rebuilt the GUID cache for 1 collections in 0.000012 seconds
[2017.01.26-17.00.34:170][  0]LogCollectionManager: Rebuilt the hierarchy cache for 1 collections in 0.000001 seconds
[2017.01.26-17.00.34:215][  0]LogContentBrowser: Native class hierarchy populated in 0.0149 seconds. Added 2218 classes and 445 folders.
[2017.01.26-17.00.34:342][  0]LogStats: UGameplayTagsManager::ConstructGameplayTagTree: Construct from data asset -  0.000 s
[2017.01.26-17.00.34:343][  0]LogStats: UGameplayTagsManager::ConstructGameplayTagTree: GameplayTagTreeChangedEvent.Broadcast -  0.000 s
[2017.01.26-17.00.34:344][  0]LogContentBrowser: Native class hierarchy updated for 'GameplayTags' in 0.0009 seconds. Added 13 classes and 0 folders.
[2017.01.26-17.00.34:470][  0]LogContentBrowser: Native class hierarchy updated for 'WidgetCarousel' in 0.0007 seconds. Added 0 classes and 0 folders.
[2017.01.26-17.00.37:919][  0]LogContentBrowser: Native class hierarchy updated for 'AddContentDialog' in 0.0007 seconds. Added 0 classes and 0 folders.
[2017.01.26-17.00.38:060][  0]LogContentBrowser: Native class hierarchy updated for 'SceneOutliner' in 0.0008 seconds. Added 1 classes and 2 folders.
[2017.01.26-17.00.38:477][  0]LogCrashTracker: Crashtracker disabled due to settings.
[2017.01.26-17.00.38:531][  0]LogUObjectGlobals:Warning: Failed to find object 'Class None.'
[2017.01.26-17.00.38:769][  0]LogContentBrowser: Native class hierarchy updated for 'HierarchicalLODOutliner' in 0.0008 seconds. Added 1 classes and 2 folders.
[2017.01.26-17.00.38:769][  0]LogLoad: (Engine Initialization) Total time: 191.12 seconds
[2017.01.26-17.00.38:769][  0]LogLoad: (Engine Initialization) Total Blueprint compile time: 1.39 seconds
[2017.01.26-17.00.38:775][  0]LogExternalProfiler: Found external profiler: VSPerf
[2017.01.26-17.00.38:775][  0]LogExternalProfiler: Using external profiler: VSPerf
[2017.01.26-17.00.39:128][  0]LogOcInput: OculusInput pre-init called
[2017.01.26-17.00.39:453][  0]SourceControl: Info On branch master
[2017.01.26-17.00.39:453][  0]SourceControl: Info Your branch is up-to-date with 'origin/master'.
[2017.01.26-17.00.39:453][  0]SourceControl: Info Changes to be committed:
[2017.01.26-17.00.39:453][  0]SourceControl: Info   (use "git reset HEAD <file>..." to unstage)
[2017.01.26-17.00.39:453][  0]SourceControl: Info 	new file:   Content/Character/Armor/ChestPiece1Texture_Mat.uasset
[2017.01.26-17.00.39:453][  0]SourceControl: Info Changes not staged for commit:
[2017.01.26-17.00.39:453][  0]SourceControl: Info   (use "git add <file>..." to update what will be committed)
[2017.01.26-17.00.39:453][  0]SourceControl: Info   (use "git checkout -- <file>..." to discard changes in working directory)
[2017.01.26-17.00.39:453][  0]SourceControl: Info 	modified:   Binaries/Win64/Graphics_GameProject.target
[2017.01.26-17.00.39:453][  0]SourceControl: Info 	modified:   Config/DefaultEditor.ini
[2017.01.26-17.00.39:453][  0]SourceControl: Info 	modified:   Config/DefaultInput.ini
[2017.01.26-17.00.39:454][  0]SourceControl: Info 	modified:   Content/Character/Armor/ChestPiece1.uasset
[2017.01.26-17.00.39:454][  0]SourceControl: Info 	modified:   Content/Character/Armor/ChestPiece1Texture_Mat.uasset
[2017.01.26-17.00.39:454][  0]SourceControl: Info 	modified:   Content/Character/CharacterAssets/CharacterAnimation.uasset
[2017.01.26-17.00.39:454][  0]SourceControl: Info 	modified:   Content/Character/CharacterAssets/Character_Anim_Game_engine_Sprinting2.uasset
[2017.01.26-17.00.39:454][  0]SourceControl: Info 	modified:   Content/Character/CharacterAssets/Character_Game_engine_Idle0.uasset
[2017.01.26-17.00.39:454][  0]SourceControl: Info 	modified:   Content/Character/CharacterAssets/Character_Game_engine_RHHeavyMontageStart.uasset
[2017.01.26-17.00.39:454][  0]SourceControl: Info 	modified:   Content/Character/CharacterAssets/Character_Game_engine_RHHeavyMontageSwing1.uasset
[2017.01.26-17.00.39:454][  0]SourceControl: Info 	modified:   Content/Character/CharacterAssets/Character_Game_engine_RHHeavyMontageSwing2.uasset
[2017.01.26-17.00.39:454][  0]SourceControl: Info 	modified:   Content/Character/CharacterAssets/Character_Game_engine_RHlightMontageStart.uasset
[2017.01.26-17.00.39:454][  0]SourceControl: Info 	modified:   Content/Character/CharacterAssets/Character_Game_engine_RHlightMontageSwing1.uasset
[2017.01.26-17.00.39:454][  0]SourceControl: Info 	modified:   Content/Character/CharacterAssets/Character_Game_engine_RHlightMontageSwing2.uasset
[2017.01.26-17.00.39:454][  0]SourceControl: Info 	modified:   Content/Character/CharacterAssets/Character_Game_engine_dashForward.uasset
[2017.01.26-17.00.39:454][  0]SourceControl: Info 	modified:   Content/Character/CharacterAssets/Character_Game_engine_flyForwardMax.uasset
[2017.01.26-17.00.39:454][  0]SourceControl: Info 	modified:   Content/Character/CharacterAssets/Character_Game_engine_flyIdle0.uasset
[2017.01.26-17.00.39:454][  0]SourceControl: Info 	modified:   Content/Character/CharacterAssets/Character_Game_engine_flyRightMax.uasset
[2017.01.26-17.00.39:454][  0]SourceControl: Info 	modified:   Content/Character/CharacterAssets/Character_Game_engine_flylLeftMax.uasset
[2017.01.26-17.00.39:454][  0]SourceControl: Info 	modified:   Content/Character/CharacterAssets/Character_Game_engine_grasping.uasset
[2017.01.26-17.00.39:454][  0]SourceControl: Info 	modified:   Content/Character/CharacterAssets/Character_Game_engine_largeJumpAscending.uasset
[2017.01.26-17.00.39:454][  0]SourceControl: Info 	modified:   Content/Character/CharacterAssets/Character_Game_engine_largeJumpDescending.uasset
[2017.01.26-17.00.39:454][  0]SourceControl: Info 	modified:   Content/Character/CharacterAssets/Character_Game_engine_largeJumpLanding.uasset
[2017.01.26-17.00.39:454][  0]SourceControl: Info 	modified:   Content/Character/CharacterAssets/Character_Game_engine_largeJumpStart.uasset
[2017.01.26-17.00.39:454][  0]SourceControl: Info 	modified:   Content/Character/CharacterAssets/DodgeMontoge.uasset
[2017.01.26-17.00.39:454][  0]SourceControl: Info 	modified:   Content/Character/CharacterAssets/FlyBlendSpace.uasset
[2017.01.26-17.00.39:454][  0]SourceControl: Info 	modified:   Content/Character/CharacterAssets/JumpAscendDescend.uasset
[2017.01.26-17.00.39:454][  0]SourceControl: Info 	modified:   Content/Character/CharacterAssets/JumpStartMontage.uasset
[2017.01.26-17.00.39:454][  0]SourceControl: Info 	modified:   Content/Character/CharacterAssets/RHHeavyAttack.uasset
[2017.01.26-17.00.39:454][  0]SourceControl: Info 	modified:   Content/Character/CharacterAssets/RHLightAttack.uasset
[2017.01.26-17.00.39:454][  0]SourceControl: Info 	modified:   Content/Character/importMan1/Idle_run.uasset
[2017.01.26-17.00.39:454][  0]SourceControl: Info 	modified:   Content/Character/importMan1/man1.uasset
[2017.01.26-17.00.39:454][  0]SourceControl: Info 	modified:   Content/Character/importMan1/man1_Skeleton.uasset
[2017.01.26-17.00.39:454][  0]SourceControl: Info 	modified:   Content/Character/importMan1/man1_Skeleton_BlendSpace1D.uasset
[2017.01.26-17.00.39:454][  0]SourceControl: Info 	modified:   Content/ThirdPersonBP/Blueprints/Character.uasset
[2017.01.26-17.00.39:454][  0]SourceControl: Info 	modified:   Content/ThirdPersonBP/Blueprints/PlayerCharacter.uasset
[2017.01.26-17.00.39:454][  0]SourceControl: Info 	modified:   Content/ThirdPersonBP/Maps/map1.umap
[2017.01.26-17.00.39:454][  0]SourceControl: Info 	modified:   Content/ThirdPersonBP/runningsmooth.uasset
[2017.01.26-17.00.39:455][  0]SourceControl: Info 	modified:   Content/ThirdPersonBP/runningsmooth2.uasset
[2017.01.26-17.00.39:455][  0]SourceControl: Info 	modified:   Intermediate/Build/Win64/Graphics_GameProject/Development/Makefile.ubt
[2017.01.26-17.00.39:455][  0]SourceControl: Info 	modified:   Intermediate/CachedAssetRegistry.bin
[2017.01.26-17.00.39:455][  0]SourceControl: Info 	modified:   Intermediate/Config/CoalescedSourceConfigs/Editor.ini
[2017.01.26-17.00.39:455][  0]SourceControl: Info 	modified:   Intermediate/Config/CoalescedSourceConfigs/Input.ini
[2017.01.26-17.00.39:455][  0]SourceControl: Info 	modified:   Saved/AutoScreenshot.png
[2017.01.26-17.00.39:455][  0]SourceControl: Info 	modified:   Saved/Autosaves/Game/ThirdPersonBP/Blueprints/PlayerCharacter_Auto2.uasset
[2017.01.26-17.00.39:455][  0]SourceControl: Info 	modified:   Saved/Config/Windows/EditorPerProjectUserSettings.ini
[2017.01.26-17.00.39:455][  0]SourceControl: Info 	modified:   Saved/Config/Windows/Engine.ini
[2017.01.26-17.00.39:455][  0]SourceControl: Info 	modified:   Saved/Logs/Graphics_GameProject.log
[2017.01.26-17.00.39:455][  0]SourceControl: Info Untracked files:
[2017.01.26-17.00.39:455][  0]SourceControl: Info   (use "git add <file>..." to include in what will be committed)
[2017.01.26-17.00.39:455][  0]SourceControl: Info 	Content/Character/Armor/ChestPiece1Texture.uasset
[2017.01.26-17.00.39:455][  0]SourceControl: Info 	Content/Character/Armor/ChestPiece1TextureNormals.uasset
[2017.01.26-17.00.39:455][  0]SourceControl: Info 	Content/Character/Armor/defaultMat.uasset
[2017.01.26-17.00.39:455][  0]LogContentStreaming: Texture pool size now 600 MB
[2017.01.26-17.00.41:015][  0]LogRenderer: Reallocating scene render targets to support 1320x652 NumSamples 1 (Frame:2).
[2017.01.26-17.00.41:462][  1]LogFileCache: Retrieving MD5 hashes for directory 'C:/Users/Samuel/Documents/Unreal Projects/Graphics_GameProject/Content/' took 2.27s
[2017.01.26-17.00.42:445][  3]LogAssetRegistry: Asset discovery search completed in 142.5659 seconds
[2017.01.26-17.00.42:445][  3]LogCollectionManager: Rebuilt the object cache for 1 collections in 0.000024 seconds (found 0 objects)
[2017.01.26-17.00.42:445][  3]LogCollectionManager: Fixed up redirectors for 1 collections in 0.000049 seconds (updated 0 objects)
[2017.01.26-17.01.08:658][ 55]LogAudio:Warning: Current Audio Device with ID {0.0.0.00000000}.{afd4bb62-c14d-4924-85c4-ab6e9d27bc5e} was removed. Shutting down audio device.
[2017.01.26-17.01.09:463][ 55]LogRenderer: Reallocating scene render targets to support 1320x680 NumSamples 1 (Frame:13).
[2017.01.26-17.06.07:066][943]Cmd: QUIT_EDITOR
[2017.01.26-17.06.07:312][943]LogWindowsTextInputMethodSystem:Display: IME system now deactivated.
[2017.01.26-17.06.07:361][943]LogExit: Preparing to exit.
[2017.01.26-17.06.08:234][943]LogDirectoryWatcher: A directory notification for 'C:/Users/Samuel/Documents/Unreal Projects/Graphics_GameProject/Content/' was aborted.
[2017.01.26-17.06.08:346][943]LogExit: Editor shut down
[2017.01.26-17.06.08:346][943]LogExit: Transaction tracking system shut down
[2017.01.26-17.06.09:099][943]LogObj: Freed 0b from 0 cluster array pools.
[2017.01.26-17.06.09:099][943]LogExit: Object subsystem successfully closed.
[2017.01.26-17.06.09:236][943]LogD3D11RHI: Shutdown
[2017.01.26-17.06.09:236][943]LogD3D11RHI: CleanupD3DDevice
[2017.01.26-17.06.09:437][943]LogD3D11RHI: ~FD3D11DynamicRHI
[2017.01.26-17.06.09:745][943]LogHttp:Display: Http module shutting down, but needs to wait on 1 outstanding Http requests:
[2017.01.26-17.06.09:745][943]LogHttp:Display: 	verb=[POST] url=[https://datarouter.ol.epicgames.com/datarouter/api/v1/public/data?SessionID=%7BFDF614D5-429D-3C3E-DAD6-F6B1B6EAA081%7D&AppID=UEEditor.Rocket.Release&AppVersion=4.14.1-3224400%2B%2B%2BUE4%2BRelease-4.14&UserID=f03c9d904dda07ad030e93acc81e449e%7C2ee55ec923144c5bad7133086fc1f4ac%7C0e1ab62b-6404-4c6b-a28e-2fb59947a642&AppEnvironment=datacollector-binary&UploadType=eteventstream] status=Processing
[2017.01.26-17.06.09:825][943]LogModuleManager: Shutting down and abandoning module HierarchicalLODOutliner (246)
[2017.01.26-17.06.09:825][943]LogModuleManager: Shutting down and abandoning module CrashTracker (245)
[2017.01.26-17.06.09:825][943]LogModuleManager: Shutting down and abandoning module SceneOutliner (244)
[2017.01.26-17.06.09:825][943]LogModuleManager: Shutting down and abandoning module WidgetCarousel (243)
[2017.01.26-17.06.09:825][943]LogModuleManager: Shutting down and abandoning module AddContentDialog (242)
[2017.01.26-17.06.09:825][943]LogDirectoryWatcher: A directory notification for 'C:/Program Files (x86)/Epic Games/4.14/FeaturePacks/' was aborted.
[2017.01.26-17.06.09:826][943]LogModuleManager: Shutting down and abandoning module GameplayTags (241)
[2017.01.26-17.06.09:826][943]LogModuleManager: Shutting down and abandoning module EditorWidgets (240)
[2017.01.26-17.06.09:826][943]LogModuleManager: Shutting down and abandoning module CollectionManager (239)
[2017.01.26-17.06.09:826][943]LogDirectoryWatcher: A directory notification for 'C:/Users/Samuel/Documents/Unreal Projects/Graphics_GameProject/Content/Collections/' was aborted.
[2017.01.26-17.06.09:826][943]LogDirectoryWatcher: A directory notification for 'C:/Users/Samuel/Documents/Unreal Projects/Graphics_GameProject/Content/Developers/Samuel/Collections/' was aborted.
[2017.01.26-17.06.09:826][943]LogDirectoryWatcher: A directory notification for 'C:/Users/Samuel/Documents/Unreal Projects/Graphics_GameProject/Saved/Collections/' was aborted.
[2017.01.26-17.06.09:826][943]LogModuleManager: Shutting down and abandoning module WorldBrowser (238)
[2017.01.26-17.06.09:826][943]LogModuleManager: Shutting down and abandoning module StatsViewer (237)
[2017.01.26-17.06.09:826][943]LogModuleManager: Shutting down and abandoning module FoliageEdit (236)
[2017.01.26-17.06.09:826][943]LogModuleManager: Shutting down and abandoning module LandscapeEditor (235)
[2017.01.26-17.06.09:846][943]LogModuleManager: Shutting down and abandoning module SceneDepthPickerMode (234)
[2017.01.26-17.06.09:846][943]LogModuleManager: Shutting down and abandoning module ActorPickerMode (233)
[2017.01.26-17.06.09:846][943]LogModuleManager: Shutting down and abandoning module GeometryMode (232)
[2017.01.26-17.06.09:846][943]LogModuleManager: Shutting down and abandoning module TextureAlignMode (231)
[2017.01.26-17.06.09:846][943]LogModuleManager: Shutting down and abandoning module BspMode (230)
[2017.01.26-17.06.09:846][943]LogModuleManager: Shutting down and abandoning module HardwareSurvey (229)
[2017.01.26-17.06.09:846][943]LogModuleManager: Shutting down and abandoning module SequenceRecorderSections (228)
[2017.01.26-17.06.09:846][943]LogModuleManager: Shutting down and abandoning module AutomationWorker (227)
[2017.01.26-17.06.09:846][943]LogModuleManager: Shutting down and abandoning module MatineeToLevelSequence (226)
[2017.01.26-17.06.09:846][943]LogModuleManager: Shutting down and abandoning module PlacementMode (225)
[2017.01.26-17.06.09:867][943]LogModuleManager: Shutting down and abandoning module LevelSequenceEditor (224)
[2017.01.26-17.06.09:868][943]LogModuleManager: Shutting down and abandoning module WmfMediaFactory (223)
[2017.01.26-17.06.09:868][943]LogModuleManager: Shutting down and abandoning module WmfMediaEditor (222)
[2017.01.26-17.06.09:868][943]LogModuleManager: Shutting down and abandoning module AvfMediaFactory (221)
[2017.01.26-17.06.09:868][943]LogModuleManager: Shutting down and abandoning module AvfMediaEditor (220)
[2017.01.26-17.06.09:868][943]LogModuleManager: Shutting down and abandoning module Media (219)
[2017.01.26-17.06.09:868][943]LogModuleManager: Shutting down and abandoning module AndroidMediaFactory (218)
[2017.01.26-17.06.09:868][943]LogModuleManager: Shutting down and abandoning module AndroidMediaEditor (217)
[2017.01.26-17.06.09:868][943]LogModuleManager: Shutting down and abandoning module CharacterAI (216)
[2017.01.26-17.06.09:868][943]LogModuleManager: Shutting down and abandoning module SequenceRecorder (215)
[2017.01.26-17.06.09:868][943]LogModuleManager: Shutting down and abandoning module AudioCapture (214)
[2017.01.26-17.06.09:868][943]LogModuleManager: Shutting down and abandoning module SmartSnapping (213)
[2017.01.26-17.06.09:868][943]LogModuleManager: Shutting down and abandoning module SessionServices (212)
[2017.01.26-17.06.09:868][943]LogModuleManager: Shutting down and abandoning module ViewportSnapping (211)
[2017.01.26-17.06.09:868][943]LogModuleManager: Shutting down and abandoning module ViewportInteraction (210)
[2017.01.26-17.06.09:868][943]LogModuleManager: Shutting down and abandoning module LogVisualizer (209)
[2017.01.26-17.06.09:896][943]LogModuleManager: Shutting down and abandoning module GameProjectGeneration (208)
[2017.01.26-17.06.09:925][943]LogModuleManager: Shutting down and abandoning module IntroTutorials (207)
[2017.01.26-17.06.09:931][943]LogModuleManager: Shutting down and abandoning module EditorLiveStreaming (206)
[2017.01.26-17.06.09:931][943]LogModuleManager: Shutting down and abandoning module IOSPlatformEditor (205)
[2017.01.26-17.06.09:931][943]LogModuleManager: Shutting down and abandoning module HTML5PlatformEditor (204)
[2017.01.26-17.06.09:931][943]LogModuleManager: Shutting down and abandoning module AndroidDeviceDetection (203)
[2017.01.26-17.06.10:848][943]LogModuleManager: Shutting down and abandoning module AndroidPlatformEditor (202)
[2017.01.26-17.06.10:848][943]LogModuleManager: Shutting down and abandoning module IOSRuntimeSettings (201)
[2017.01.26-17.06.10:848][943]LogModuleManager: Shutting down and abandoning module AndroidRuntimeSettings (200)
[2017.01.26-17.06.10:848][943]LogModuleManager: Shutting down and abandoning module InputBindingEditor (199)
[2017.01.26-17.06.10:848][943]LogModuleManager: Shutting down and abandoning module NiagaraEditor (198)
[2017.01.26-17.06.10:892][943]LogModuleManager: Shutting down and abandoning module MergeActors (197)
[2017.01.26-17.06.10:892][943]LogModuleManager: Shutting down and abandoning module SizeMap (196)
[2017.01.26-17.06.10:892][943]LogModuleManager: Shutting down and abandoning module TreeMap (195)
[2017.01.26-17.06.10:892][943]LogModuleManager: Shutting down and abandoning module ReferenceViewer (194)
[2017.01.26-17.06.10:892][943]LogModuleManager: Shutting down and abandoning module LocalizationService (193)
[2017.01.26-17.06.10:892][943]LogModuleManager: Shutting down and abandoning module LocalizationDashboard (192)
[2017.01.26-17.06.10:909][943]LogModuleManager: Shutting down and abandoning module HardwareTargeting (191)
[2017.01.26-17.06.10:909][943]LogModuleManager: Shutting down and abandoning module DeviceProfileEditor (190)
[2017.01.26-17.06.10:909][943]LogModuleManager: Shutting down and abandoning module UndoHistory (189)
[2017.01.26-17.06.10:909][943]LogModuleManager: Shutting down and abandoning module UserFeedback (188)
[2017.01.26-17.06.10:909][943]LogModuleManager: Shutting down and abandoning module XmlParser (187)
[2017.01.26-17.06.10:909][943]LogModuleManager: Shutting down and abandoning module Blutility (186)
[2017.01.26-17.06.10:909][943]LogModuleManager: Shutting down and abandoning module ProjectTargetPlatformEditor (185)
[2017.01.26-17.06.10:909][943]LogModuleManager: Shutting down and abandoning module ProjectSettingsViewer (184)
[2017.01.26-17.06.10:909][943]LogModuleManager: Shutting down and abandoning module EditorSettingsViewer (183)
[2017.01.26-17.06.10:909][943]LogModuleManager: Shutting down and abandoning module SettingsEditor (182)
[2017.01.26-17.06.10:909][943]LogModuleManager: Shutting down and abandoning module ProjectLauncher (181)
[2017.01.26-17.06.10:933][943]LogModuleManager: Shutting down and abandoning module SessionFrontend (180)
[2017.01.26-17.06.10:960][943]LogModuleManager: Shutting down and abandoning module ProfilerClient (179)
[2017.01.26-17.06.10:960][943]LogModuleManager: Shutting down and abandoning module TargetDeviceServices (178)
[2017.01.26-17.06.10:960][943]LogModuleManager: Shutting down and abandoning module DeviceManager (177)
[2017.01.26-17.06.11:023][943]LogModuleManager: Shutting down and abandoning module AutomationController (176)
[2017.01.26-17.06.11:023][943]LogModuleManager: Shutting down and abandoning module AutomationWindow (175)
[2017.01.26-17.06.11:098][943]LogModuleManager: Shutting down and abandoning module Layers (174)
[2017.01.26-17.06.11:120][943]LogModuleManager: Shutting down and abandoning module ComponentVisualizers (173)
[2017.01.26-17.06.11:120][943]LogModuleManager: Shutting down and abandoning module DetailCustomizations (172)
[2017.01.26-17.06.11:147][943]LogModuleManager: Shutting down and abandoning module PackagesDialog (171)
[2017.01.26-17.06.11:147][943]LogModuleManager: Shutting down and abandoning module AnimGraph (170)
[2017.01.26-17.06.11:147][943]LogModuleManager: Shutting down and abandoning module Persona (169)
[2017.01.26-17.06.11:174][943]LogModuleManager: Shutting down and abandoning module Kismet (168)
[2017.01.26-17.06.11:175][943]LogModuleManager: Shutting down and abandoning module GraphEditor (167)
[2017.01.26-17.06.11:175][943]LogModuleManager: Shutting down and abandoning module ClassViewer (166)
[2017.01.26-17.06.11:175][943]LogModuleManager: Shutting down and abandoning module Toolbox (165)
[2017.01.26-17.06.11:175][943]LogModuleManager: Shutting down and abandoning module ModuleUI (164)
[2017.01.26-17.06.11:175][943]LogModuleManager: Shutting down and abandoning module MovieSceneTools (163)
[2017.01.26-17.06.11:221][943]LogModuleManager: Shutting down and abandoning module OutputLog (162)
[2017.01.26-17.06.11:221][943]LogModuleManager: Shutting down and abandoning module GammaUI (161)
[2017.01.26-17.06.11:221][943]LogModuleManager: Shutting down and abandoning module Documentation (160)
[2017.01.26-17.06.11:221][943]LogModuleManager: Shutting down and abandoning module Niagara (159)
[2017.01.26-17.06.11:221][943]LogModuleManager: Shutting down and abandoning module StreamingPauseRendering (158)
[2017.01.26-17.06.11:221][943]LogModuleManager: Shutting down and abandoning module AnalyticsET (157)
[2017.01.26-17.06.11:221][943]LogModuleManager: Shutting down and abandoning module PortalServices (156)
[2017.01.26-17.06.11:221][943]LogModuleManager: Shutting down and abandoning module PortalRpc (155)
[2017.01.26-17.06.11:221][943]LogModuleManager: Shutting down and abandoning module MessagingRpc (154)
[2017.01.26-17.06.11:221][943]LogModuleManager: Shutting down and abandoning module GameplayDebugger (153)
[2017.01.26-17.06.11:221][943]LogModuleManager: Shutting down and abandoning module AITestSuite (152)
[2017.01.26-17.06.11:221][943]LogModuleManager: Shutting down and abandoning module AIModule (151)
[2017.01.26-17.06.11:221][943]LogModuleManager: Shutting down and abandoning module ProfilerService (150)
[2017.01.26-17.06.11:460][943]LogModuleManager: Shutting down and abandoning module TaskGraph (149)
[2017.01.26-17.06.11:460][943]LogModuleManager: Shutting down and abandoning module SlateRemote (148)
[2017.01.26-17.06.11:460][943]LogModuleManager: Shutting down and abandoning module SteamVRController (147)
[2017.01.26-17.06.11:460][943]LogModuleManager: Shutting down and abandoning module SteamVR (146)
[2017.01.26-17.06.11:460][943]LogModuleManager: Shutting down and abandoning module ProceduralMeshComponentEditor (145)
[2017.01.26-17.06.11:460][943]LogModuleManager: Shutting down and abandoning module ProceduralMeshComponent (144)
[2017.01.26-17.06.11:460][943]LogModuleManager: Shutting down and abandoning module OculusLibrary (143)
[2017.01.26-17.06.11:460][943]LogModuleManager: Shutting down and abandoning module OculusInput (142)
[2017.01.26-17.06.11:460][943]LogModuleManager: Shutting down and abandoning module MobilePatchingUtils (141)
[2017.01.26-17.06.11:460][943]LogModuleManager: Shutting down and abandoning module CustomMeshComponent (140)
[2017.01.26-17.06.11:460][943]LogModuleManager: Shutting down and abandoning module CableComponent (139)
[2017.01.26-17.06.11:460][943]LogModuleManager: Shutting down and abandoning module ArchVisCharacter (138)
[2017.01.26-17.06.11:460][943]LogModuleManager: Shutting down and abandoning module MediaPlayerEditor (136)
[2017.01.26-17.06.11:475][943]LogModuleManager: Shutting down and abandoning module LowEntryExtendedStandardLibraryEditor (135)
[2017.01.26-17.06.11:475][943]LogModuleManager: Shutting down and abandoning module HTML5Networking (134)
[2017.01.26-17.06.11:475][943]LogModuleManager: Shutting down and abandoning module GeometryCacheEd (133)
[2017.01.26-17.06.11:475][943]LogModuleManager: Shutting down and abandoning module GeometryCache (132)
[2017.01.26-17.06.11:475][943]LogModuleManager: Shutting down and abandoning module AlembicLibrary (131)
[2017.01.26-17.06.11:475][943]LogModuleManager: Shutting down and abandoning module AlembicImporter (130)
[2017.01.26-17.06.11:475][943]LogModuleManager: Shutting down and abandoning module SuperSearch (129)
[2017.01.26-17.06.11:475][943]LogModuleManager: Shutting down and abandoning module SuperSearchEditor (128)
[2017.01.26-17.06.11:475][943]LogModuleManager: Shutting down and abandoning module SpeedTreeImporter (127)
[2017.01.26-17.06.11:475][943]LogModuleManager: Shutting down and abandoning module PluginBrowser (126)
[2017.01.26-17.06.11:475][943]LogModuleManager: Shutting down and abandoning module MobileLauncherProfileWizard (125)
[2017.01.26-17.06.11:475][943]LogModuleManager: Shutting down and abandoning module EpicSurvey (124)
[2017.01.26-17.06.11:475][943]LogModuleManager: Shutting down and abandoning module DesktopPlatform (123)
[2017.01.26-17.06.11:475][943]LogModuleManager: Shutting down and abandoning module VisualStudioSourceCodeAccess (122)
[2017.01.26-17.06.11:475][943]LogModuleManager: Shutting down and abandoning module UObjectPlugin (121)
[2017.01.26-17.06.11:475][943]LogModuleManager: Shutting down and abandoning module SubversionSourceControl (120)
[2017.01.26-17.06.11:475][943]LogModuleManager: Shutting down and abandoning module PerforceSourceControl (119)
[2017.01.26-17.06.11:475][943]LogModuleManager: Shutting down and abandoning module SourceControl (118)
[2017.01.26-17.06.11:475][943]LogModuleManager: Shutting down and abandoning module GitSourceControl (117)
[2017.01.26-17.06.11:475][943]LogModuleManager: Shutting down and abandoning module LightPropagationVolumeEditor (116)
[2017.01.26-17.06.11:475][943]LogModuleManager: Shutting down and abandoning module PaperTiledImporter (115)
[2017.01.26-17.06.11:475][943]LogModuleManager: Shutting down and abandoning module PaperSpriteSheetImporter (114)
[2017.01.26-17.06.11:475][943]LogModuleManager: Shutting down and abandoning module MeshPaint (113)
[2017.01.26-17.06.11:475][943]LogModuleManager: Shutting down and abandoning module PixelInspectorModule (112)
[2017.01.26-17.06.11:475][943]LogModuleManager: Shutting down and abandoning module HotReload (111)
[2017.01.26-17.06.11:475][943]LogDirectoryWatcher: A directory notification for 'C:/Users/Samuel/Documents/Unreal Projects/Graphics_GameProject/Binaries/Win64' was aborted.
[2017.01.26-17.06.11:476][943]LogModuleManager: Shutting down and abandoning module MainFrame (110)
[2017.01.26-17.06.11:476][943]LogModuleManager: Shutting down and abandoning module LevelEditor (109)
[2017.01.26-17.06.11:477][943]LogModuleManager: Shutting down and abandoning module ContentBrowser (108)
[2017.01.26-17.06.11:478][943]LogModuleManager: Shutting down and abandoning module Paper2DEditor (107)
[2017.01.26-17.06.11:485][943]LogModuleManager: Shutting down and abandoning module UdpMessaging (106)
[2017.01.26-17.06.11:586][943]LogModuleManager: Shutting down and abandoning module TcpMessaging (105)
[2017.01.26-17.06.11:686][943]LogModuleManager: Shutting down and abandoning module LowEntryExtendedStandardLibrary (104)
[2017.01.26-17.06.11:686][943]LogModuleManager: Shutting down and abandoning module GameAnalyticsEditor (103)
[2017.01.26-17.06.11:686][943]LogModuleManager: Shutting down and abandoning module GameAnalytics (102)
[2017.01.26-17.06.11:686][943]LogModuleManager: Shutting down and abandoning module LightPropagationVolumeRuntime (101)
[2017.01.26-17.06.11:686][943]LogModuleManager: Shutting down and abandoning module Paper2D (100)
[2017.01.26-17.06.11:686][943]LogModuleManager: Shutting down and abandoning module WindowsMoviePlayer (99)
[2017.01.26-17.06.11:686][943]LogModuleManager: Shutting down and abandoning module WmfMedia (98)
[2017.01.26-17.06.11:686][943]LogModuleManager: Shutting down and abandoning module MediaAssets (97)
[2017.01.26-17.06.11:686][943]LogModuleManager: Shutting down and abandoning module GameLiveStreaming (96)
[2017.01.26-17.06.11:686][943]LogModuleManager: Shutting down and abandoning module GameplayTagsEditor (95)
[2017.01.26-17.06.11:686][943]LogModuleManager: Shutting down and abandoning module VREditor (94)
[2017.01.26-17.06.11:686][943]LogModuleManager: Shutting down and abandoning module GameplayTasksEditor (93)
[2017.01.26-17.06.11:686][943]LogModuleManager: Shutting down and abandoning module BehaviorTreeEditor (92)
[2017.01.26-17.06.11:701][943]LogModuleManager: Shutting down and abandoning module FunctionalTesting (91)
[2017.01.26-17.06.11:701][943]LogModuleManager: Shutting down and abandoning module CollisionAnalyzer (90)
[2017.01.26-17.06.11:701][943]LogModuleManager: Shutting down and abandoning module Sequencer (89)
[2017.01.26-17.06.11:708][943]LogModuleManager: Shutting down and abandoning module WorkspaceMenuStructure (88)
[2017.01.26-17.06.11:708][943]LogModuleManager: Shutting down and abandoning module MessageLog (87)
[2017.01.26-17.06.11:708][943]LogModuleManager: Shutting down and abandoning module AssetTools (86)
[2017.01.26-17.06.11:732][943]LogModuleManager: Shutting down and abandoning module UMGEditor (85)
[2017.01.26-17.06.11:761][943]LogModuleManager: Shutting down and abandoning module UMG (84)
[2017.01.26-17.06.11:761][943]LogModuleManager: Shutting down and abandoning module SlateReflector (83)
[2017.01.26-17.06.11:794][943]LogModuleManager: Shutting down and abandoning module Slate (82)
[2017.01.26-17.06.11:794][943]LogModuleManager: Shutting down and abandoning module EditorStyle (81)
[2017.01.26-17.06.11:796][943]LogModuleManager: Shutting down and abandoning module SourceCodeAccess (80)
[2017.01.26-17.06.11:796][943]LogModuleManager: Shutting down and abandoning module HeadMountedDisplay (79)
[2017.01.26-17.06.11:796][943]LogModuleManager: Shutting down and abandoning module XAudio2 (78)
[2017.01.26-17.06.11:796][943]LogModuleManager: Shutting down and abandoning module Networking (76)
[2017.01.26-17.06.11:796][943]LogModuleManager: Shutting down and abandoning module Core (75)
[2017.01.26-17.06.11:796][943]LogModuleManager: Shutting down and abandoning module DirectoryWatcher (74)
[2017.01.26-17.06.11:796][943]LogDirectoryWatcher: A directory notification for '../../../Engine/Content/' was aborted.
[2017.01.26-17.06.11:796][943]LogDirectoryWatcher: A directory notification for '../../../../../../Users/Samuel/Documents/Unreal Projects/Graphics_GameProject/Content/' was aborted.
[2017.01.26-17.06.11:796][943]LogDirectoryWatcher: A directory notification for '../../../Engine/Plugins/2D/Paper2D/Content/' was aborted.
[2017.01.26-17.06.11:797][943]LogDirectoryWatcher: A directory notification for '../../../Engine/Plugins/Marketplace/LowEntryExtStdLib/Content/' was aborted.
[2017.01.26-17.06.11:797][943]LogModuleManager: Shutting down and abandoning module AssetRegistry (73)
[2017.01.26-17.06.11:885][943]LogModuleManager: Shutting down and abandoning module KismetCompiler (72)
[2017.01.26-17.06.11:885][943]LogModuleManager: Shutting down and abandoning module PhysXFormats (71)
[2017.01.26-17.06.11:885][943]LogModuleManager: Shutting down and abandoning module SimplygonSwarm (70)
[2017.01.26-17.06.11:885][943]LogModuleManager: Shutting down and abandoning module SimplygonMeshReduction (69)
[2017.01.26-17.06.11:885][943]LogModuleManager: Shutting down and abandoning module QuadricMeshReduction (68)
[2017.01.26-17.06.11:885][943]LogModuleManager: Shutting down and abandoning module PropertyEditor (67)
[2017.01.26-17.06.11:885][943]LogModuleManager: Shutting down and abandoning module MeshUtilities (66)
[2017.01.26-17.06.11:915][943]LogModuleManager: Shutting down and abandoning module DerivedDataCache (65)
[2017.01.26-17.06.11:984][943]LogDerivedDataCache: Shutdown
[2017.01.26-17.06.11:984][943]LogModuleManager: Shutting down and abandoning module VulkanShaderFormat (64)
[2017.01.26-17.06.11:984][943]LogModuleManager: Shutting down and abandoning module ShaderFormatOpenGL (63)
[2017.01.26-17.06.11:984][943]LogModuleManager: Shutting down and abandoning module ShaderFormatD3D (62)
[2017.01.26-17.06.11:984][943]LogModuleManager: Shutting down and abandoning module MetalShaderFormat (61)
[2017.01.26-17.06.11:984][943]LogModuleManager: Shutting down and abandoning module TextureFormatUncompressed (60)
[2017.01.26-17.06.11:984][943]LogModuleManager: Shutting down and abandoning module TextureFormatPVR (59)
[2017.01.26-17.06.11:984][943]LogModuleManager: Shutting down and abandoning module TextureFormatDXT (58)
[2017.01.26-17.06.11:984][943]LogModuleManager: Shutting down and abandoning module TextureFormatIntelISPCTexComp (57)
[2017.01.26-17.06.11:985][943]LogModuleManager: Shutting down and abandoning module ImageWrapper (56)
[2017.01.26-17.06.11:985][943]LogModuleManager: Shutting down and abandoning module TextureFormatASTC (55)
[2017.01.26-17.06.11:985][943]LogModuleManager: Shutting down and abandoning module TextureFormatAndroid (54)
[2017.01.26-17.06.11:985][943]LogModuleManager: Shutting down and abandoning module AudioFormatOpus (53)
[2017.01.26-17.06.11:985][943]LogModuleManager: Shutting down and abandoning module AudioFormatOgg (52)
[2017.01.26-17.06.11:985][943]LogModuleManager: Shutting down and abandoning module AudioFormatADPCM (51)
[2017.01.26-17.06.11:985][943]LogModuleManager: Shutting down and abandoning module LinuxTargetPlatform (50)
[2017.01.26-17.06.11:985][943]LogModuleManager: Shutting down and abandoning module LinuxServerTargetPlatform (49)
[2017.01.26-17.06.11:985][943]LogModuleManager: Shutting down and abandoning module LinuxNoEditorTargetPlatform (48)
[2017.01.26-17.06.11:985][943]LogModuleManager: Shutting down and abandoning module LinuxClientTargetPlatform (47)
[2017.01.26-17.06.11:985][943]LogModuleManager: Shutting down and abandoning module TVOSTargetPlatform (46)
[2017.01.26-17.06.11:985][943]LogModuleManager: Shutting down and abandoning module Messaging (45)
[2017.01.26-17.06.11:985][943]LogModuleManager: Shutting down and abandoning module IOSTargetPlatform (44)
[2017.01.26-17.06.11:985][943]LogModuleManager: Shutting down and abandoning module HTML5TargetPlatform (43)
[2017.01.26-17.06.11:985][943]LogModuleManager: Shutting down and abandoning module Android_PVRTCTargetPlatform (42)
[2017.01.26-17.06.11:985][943]LogModuleManager: Shutting down and abandoning module Android_MultiTargetPlatform (41)
[2017.01.26-17.06.11:985][943]LogModuleManager: Shutting down and abandoning module Android_ETC2TargetPlatform (40)
[2017.01.26-17.06.11:985][943]LogModuleManager: Shutting down and abandoning module Android_ETC1TargetPlatform (39)
[2017.01.26-17.06.11:985][943]LogModuleManager: Shutting down and abandoning module Android_DXTTargetPlatform (38)
[2017.01.26-17.06.11:985][943]LogModuleManager: Shutting down and abandoning module Android_ATCTargetPlatform (37)
[2017.01.26-17.06.11:985][943]LogModuleManager: Shutting down and abandoning module Android_ASTCTargetPlatform (36)
[2017.01.26-17.06.11:985][943]LogModuleManager: Shutting down and abandoning module AndroidTargetPlatform (35)
[2017.01.26-17.06.11:985][943]LogModuleManager: Shutting down and abandoning module WindowsTargetPlatform (34)
[2017.01.26-17.06.11:985][943]LogModuleManager: Shutting down and abandoning module WindowsServerTargetPlatform (33)
[2017.01.26-17.06.11:985][943]LogModuleManager: Shutting down and abandoning module WindowsNoEditorTargetPlatform (32)
[2017.01.26-17.06.11:985][943]LogModuleManager: Shutting down and abandoning module WindowsClientTargetPlatform (31)
[2017.01.26-17.06.11:985][943]LogModuleManager: Shutting down and abandoning module MacTargetPlatform (30)
[2017.01.26-17.06.11:985][943]LogModuleManager: Shutting down and abandoning module MacServerTargetPlatform (29)
[2017.01.26-17.06.11:985][943]LogModuleManager: Shutting down and abandoning module MacNoEditorTargetPlatform (28)
[2017.01.26-17.06.11:985][943]LogModuleManager: Shutting down and abandoning module MacClientTargetPlatform (27)
[2017.01.26-17.06.11:985][943]LogModuleManager: Shutting down and abandoning module AllDesktopTargetPlatform (26)
[2017.01.26-17.06.11:985][943]LogModuleManager: Shutting down and abandoning module TargetPlatform (25)
[2017.01.26-17.06.11:985][943]LogModuleManager: Shutting down and abandoning module InputCore (24)
[2017.01.26-17.06.11:985][943]LogModuleManager: Shutting down and abandoning module Settings (23)
[2017.01.26-17.06.11:985][943]LogModuleManager: Shutting down and abandoning module OculusRift (22)
[2017.01.26-17.06.12:084][943]LogModuleManager: Shutting down and abandoning module ExampleDeviceProfileSelector (21)
[2017.01.26-17.06.12:084][943]LogModuleManager: Shutting down and abandoning module OnlineBlueprintSupport (20)
[2017.01.26-17.06.12:084][943]LogModuleManager: Shutting down and abandoning module OnlineSubsystem (18)
[2017.01.26-17.06.12:084][943]LogOnline:Display: Unloading online subsystem: NULL
[2017.01.26-17.06.12:118][943]LogModuleManager: Shutting down and abandoning module SSL (17)
[2017.01.26-17.06.12:120][943]LogModuleManager: Shutting down and abandoning module HTTP (16)
[2017.01.26-17.06.12:120][943]LogModuleManager: Shutting down and abandoning module XMPP (15)
[2017.01.26-17.06.12:546][943]LogModuleManager: Shutting down and abandoning module TextureCompressor (14)
[2017.01.26-17.06.12:546][943]LogModuleManager: Shutting down and abandoning module ShaderCore (13)
[2017.01.26-17.06.12:546][943]LogModuleManager: Shutting down and abandoning module Landscape (12)
[2017.01.26-17.06.12:546][943]LogModuleManager: Shutting down and abandoning module SlateRHIRenderer (11)
[2017.01.26-17.06.12:668][943]LogModuleManager: Shutting down and abandoning module OpenGLDrv (10)
[2017.01.26-17.06.12:815][943]LogModuleManager: Shutting down and abandoning module D3D11RHI (9)
[2017.01.26-17.06.12:815][943]LogModuleManager: Shutting down and abandoning module AnimGraphRuntime (8)
[2017.01.26-17.06.12:815][943]LogModuleManager: Shutting down and abandoning module Renderer (7)
[2017.01.26-17.06.12:815][943]LogModuleManager: Shutting down and abandoning module Engine (6)
[2017.01.26-17.06.12:815][943]LogModuleManager: Shutting down and abandoning module CoreUObject (5)
[2017.01.26-17.06.12:815][943]LogModuleManager: Shutting down and abandoning module NetworkFile (4)
[2017.01.26-17.06.12:815][943]LogModuleManager: Shutting down and abandoning module StreamingFile (3)
[2017.01.26-17.06.12:815][943]LogModuleManager: Shutting down and abandoning module SandboxFile (2)
[2017.01.26-17.06.12:815][943]LogModuleManager: Shutting down and abandoning module PakFile (1)
[2017.01.26-17.06.12:817][943]LogExit: Exiting.
[2017.01.26-17.06.12:819][943]Log file closed, 01/26/17 11:06:12
